[2024-04-03 00:01:33] [info] Gin log method:OPTIONS , path:/api/record/recordlist?page=1&perPage=10 , status:204 , tc:0ms
[2024-04-03 00:01:33] [info] Gin log method:GET , path:/api/record/recordlist?page=1&perPage=10 , status:200 , tc:3ms
[2024-04-03 00:01:34] [info] Gin log method:GET , path:/api/record/recordlist?page=1&perPage=10 , status:200 , tc:1ms
[2024-04-03 00:01:35] [info] Gin log method:GET , path:/api/record/recordlist?page=1&perPage=10 , status:200 , tc:1ms
[2024-04-03 00:01:35] [info] Gin log method:GET , path:/api/record/recordlist?page=1&perPage=10 , status:200 , tc:1ms
[2024-04-03 00:01:35] [info] Gin log method:GET , path:/api/record/recordlist?page=1&perPage=10 , status:200 , tc:8ms
[2024-04-03 00:01:39] [info] Gin log method:OPTIONS , path:/api/record/recordlist?page=1&perPage=10 , status:204 , tc:0ms
[2024-04-03 00:01:39] [info] Gin log method:GET , path:/api/record/recordlist?page=1&perPage=10 , status:200 , tc:1ms
[2024-04-03 00:01:43] [info] Gin log method:OPTIONS , path:/api/record/recordlist?page=1&perPage=10 , status:204 , tc:0ms
[2024-04-03 00:01:43] [info] Gin log method:GET , path:/api/record/recordlist?page=1&perPage=10 , status:200 , tc:2ms
[2024-04-03 00:05:13] [info] Gin log method:OPTIONS , path:/api/stadiumlist?page=1&perPage=10 , status:204 , tc:0ms
[2024-04-03 00:05:13] [info] Gin log method:GET , path:/api/stadiumlist?page=1&perPage=10 , status:200 , tc:0ms
[2024-04-03 00:05:19] [info] Gin log method:OPTIONS , path:/user/userinfo , status:204 , tc:0ms
[2024-04-03 00:05:19] [info] Gin log method:GET , path:/user/userinfo , status:200 , tc:2ms
[2024-04-03 00:05:21] [info] Gin log method:OPTIONS , path:/api/stadiumlist?page=1&perPage=10 , status:204 , tc:0ms
[2024-04-03 00:05:21] [info] Gin log method:GET , path:/api/stadiumlist?page=1&perPage=10 , status:200 , tc:0ms
[2024-04-03 00:05:25] [info] Gin log method:GET , path:/api/stadiumlist?page=1&perPage=10 , status:200 , tc:0ms
[2024-04-03 00:06:07] [info] Gin log method:OPTIONS , path:/api/stadiumlist?page=1&perPage=10 , status:204 , tc:0ms
[2024-04-03 00:06:07] [info] Gin log method:GET , path:/api/stadiumlist?page=1&perPage=10 , status:200 , tc:0ms
[2024-04-03 00:06:24] [info] Gin log method:OPTIONS , path:/api/stadiumlist?page=1&perPage=10 , status:204 , tc:0ms
[2024-04-03 00:06:24] [info] Gin log method:GET , path:/api/stadiumlist?page=1&perPage=10 , status:401 , tc:0ms
[2024-04-03 00:06:30] [info] Gin log method:OPTIONS , path:/user/login , status:204 , tc:0ms
[2024-04-03 00:06:30] [info] Gin log method:POST , path:/user/login , status:200 , tc:1ms
[2024-04-03 00:06:31] [info] Gin log method:OPTIONS , path:/api/stadiumlist?page=1&perPage=10 , status:204 , tc:0ms
[2024-04-03 00:06:31] [info] Gin log method:GET , path:/api/stadiumlist?page=1&perPage=10 , status:200 , tc:0ms
[2024-04-03 00:07:39] [info] Gin log method:OPTIONS , path:/api/stadiumlist?page=1&perPage=10 , status:204 , tc:0ms
[2024-04-03 00:07:39] [info] Gin log method:GET , path:/api/stadiumlist?page=1&perPage=10 , status:200 , tc:0ms
[2024-04-03 00:07:41] [info] Gin log method:OPTIONS , path:/api/record/recordlist?page=1&perPage=10 , status:204 , tc:0ms
[2024-04-03 00:07:41] [info] Gin log method:GET , path:/api/record/recordlist?page=1&perPage=10 , status:200 , tc:2ms
[2024-04-03 00:07:43] [info] Gin log method:GET , path:/api/record/recordlist?page=1&perPage=10 , status:200 , tc:1ms
[2024-04-03 00:07:44] [info] Gin log method:GET , path:/api/record/recordlist?page=1&perPage=10 , status:200 , tc:1ms
[2024-04-03 00:07:45] [info] Gin log method:GET , path:/api/record/recordlist?page=1&perPage=10 , status:200 , tc:1ms
[2024-04-03 00:10:37] [info] Gin log method:OPTIONS , path:/api/record/recordlist?page=1&perPage=10 , status:204 , tc:0ms
[2024-04-03 00:10:37] [info] Gin log method:GET , path:/api/record/recordlist?page=1&perPage=10 , status:200 , tc:3ms
[2024-04-03 00:11:12] [info] Gin log method:OPTIONS , path:/api/record/recordlist?page=1&perPage=10 , status:204 , tc:0ms
[2024-04-03 00:11:12] [info] Gin log method:GET , path:/api/record/recordlist?page=1&perPage=10 , status:200 , tc:2ms
[2024-04-03 00:11:14] [info] Gin log method:GET , path:/api/record/recordlist?page=1&perPage=10 , status:200 , tc:1ms
[2024-04-03 00:11:14] [info] Gin log method:GET , path:/api/record/recordlist?page=1&perPage=10 , status:200 , tc:1ms
[2024-04-03 00:11:18] [info] Gin log method:OPTIONS , path:/api/record/recordlist?page=1&perPage=10 , status:204 , tc:0ms
[2024-04-03 00:11:18] [info] Gin log method:GET , path:/api/record/recordlist?page=1&perPage=10 , status:200 , tc:1ms
[2024-04-03 00:11:18] [info] Gin log method:GET , path:/api/record/recordlist?page=1&perPage=10 , status:200 , tc:1ms
[2024-04-03 00:11:57] [info] Gin log method:OPTIONS , path:/api/record/recordlist?page=1&perPage=10 , status:204 , tc:0ms
[2024-04-03 00:11:57] [info] Gin log method:GET , path:/api/record/recordlist?page=1&perPage=10 , status:200 , tc:2ms
[2024-04-03 00:11:59] [info] Gin log method:GET , path:/api/record/recordlist?page=1&perPage=10 , status:200 , tc:1ms
[2024-04-03 00:12:02] [info] Gin log method:GET , path:/api/record/recordlist?page=1&perPage=10 , status:200 , tc:1ms
[2024-04-03 00:12:32] [info] Gin log method:OPTIONS , path:/api/record/outdated/recordlist?page=1&perPage=10 , status:204 , tc:0ms
[2024-04-03 00:12:32] [info] Gin log method:GET , path:/api/record/outdated/recordlist?page=1&perPage=10 , status:200 , tc:1ms
[2024-04-03 00:12:34] [info] Gin log method:OPTIONS , path:/api/record/recordlist?page=1&perPage=10 , status:204 , tc:0ms
[2024-04-03 00:12:34] [info] Gin log method:GET , path:/api/record/recordlist?page=1&perPage=10 , status:200 , tc:2ms
[2024-04-03 00:12:35] [info] Gin log method:GET , path:/api/record/outdated/recordlist?page=1&perPage=10 , status:200 , tc:1ms
[2024-04-03 00:12:47] [info] Gin log method:OPTIONS , path:/api/record/recordlist?page=1&perPage=10 , status:204 , tc:0ms
[2024-04-03 00:12:47] [info] Gin log method:GET , path:/api/record/recordlist?page=1&perPage=10 , status:200 , tc:1ms
[2024-04-03 00:12:48] [info] Gin log method:OPTIONS , path:/api/record/outdated/recordlist?page=1&perPage=10 , status:204 , tc:0ms
[2024-04-03 00:12:48] [info] Gin log method:GET , path:/api/record/outdated/recordlist?page=1&perPage=10 , status:200 , tc:3ms
[2024-04-03 00:12:48] [info] Gin log method:OPTIONS , path:/api/stadiumlist?page=1&perPage=10 , status:204 , tc:0ms
[2024-04-03 00:12:48] [info] Gin log method:GET , path:/api/stadiumlist?page=1&perPage=10 , status:200 , tc:0ms
[2024-04-03 00:12:51] [info] Gin log method:GET , path:/api/record/outdated/recordlist?page=1&perPage=10 , status:200 , tc:2ms
[2024-04-03 00:12:51] [info] Gin log method:GET , path:/api/record/recordlist?page=1&perPage=10 , status:200 , tc:1ms
[2024-04-03 00:18:44] [info] Gin log method:OPTIONS , path:/api/record/outdated/recordlist?page=1&perPage=10 , status:204 , tc:0ms
[2024-04-03 00:18:44] [info] Gin log method:GET , path:/api/record/outdated/recordlist?page=1&perPage=10 , status:200 , tc:1ms
[2024-04-03 00:18:48] [info] Gin log method:OPTIONS , path:/api/record/recordlist?page=1&perPage=10 , status:204 , tc:0ms
[2024-04-03 00:18:48] [info] Gin log method:GET , path:/api/record/recordlist?page=1&perPage=10 , status:200 , tc:1ms
[2024-04-03 00:18:49] [info] Gin log method:GET , path:/api/record/outdated/recordlist?page=1&perPage=10 , status:200 , tc:1ms
[2024-04-03 00:18:54] [info] Gin log method:OPTIONS , path:/api/record/recordlist?page=1&perPage=10 , status:204 , tc:0ms
[2024-04-03 00:18:54] [info] Gin log method:GET , path:/api/record/recordlist?page=1&perPage=10 , status:200 , tc:1ms
[2024-04-03 00:18:55] [info] Gin log method:OPTIONS , path:/api/record/outdated/recordlist?page=1&perPage=10 , status:204 , tc:0ms
[2024-04-03 00:18:55] [info] Gin log method:GET , path:/api/record/outdated/recordlist?page=1&perPage=10 , status:200 , tc:1ms
[2024-04-03 00:18:56] [info] Gin log method:GET , path:/api/record/recordlist?page=1&perPage=10 , status:200 , tc:1ms
[2024-04-03 00:18:57] [info] Gin log method:GET , path:/api/record/outdated/recordlist?page=1&perPage=10 , status:200 , tc:1ms
[2024-04-03 00:18:58] [info] Gin log method:GET , path:/api/record/recordlist?page=1&perPage=10 , status:200 , tc:1ms
[2024-04-03 00:18:59] [info] Gin log method:GET , path:/api/record/outdated/recordlist?page=1&perPage=10 , status:200 , tc:1ms
[2024-04-03 00:19:03] [info] Gin log method:OPTIONS , path:/api/record/recordlist?page=1&perPage=10 , status:204 , tc:0ms
[2024-04-03 00:19:03] [info] Gin log method:GET , path:/api/record/recordlist?page=1&perPage=10 , status:200 , tc:1ms
[2024-04-03 00:19:05] [info] Gin log method:OPTIONS , path:/api/record/outdated/recordlist?page=1&perPage=10 , status:204 , tc:0ms
[2024-04-03 00:19:05] [info] Gin log method:GET , path:/api/record/outdated/recordlist?page=1&perPage=10 , status:200 , tc:1ms
[2024-04-03 00:19:08] [info] Gin log method:GET , path:/api/record/recordlist?page=1&perPage=10 , status:200 , tc:1ms
[2024-04-03 00:19:10] [info] Gin log method:OPTIONS , path:/api/record/outdated/recordlist?page=1&perPage=10 , status:204 , tc:0ms
[2024-04-03 00:19:10] [info] Gin log method:GET , path:/api/record/outdated/recordlist?page=1&perPage=10 , status:200 , tc:1ms
[2024-04-03 00:19:13] [info] Gin log method:OPTIONS , path:/api/record/recordlist?page=1&perPage=10 , status:204 , tc:0ms
[2024-04-03 00:19:13] [info] Gin log method:GET , path:/api/record/recordlist?page=1&perPage=10 , status:200 , tc:1ms
[2024-04-03 00:19:14] [info] Gin log method:GET , path:/api/record/outdated/recordlist?page=1&perPage=10 , status:200 , tc:1ms
[2024-04-03 00:19:22] [info] Gin log method:OPTIONS , path:/api/record/recordlist?page=1&perPage=10 , status:204 , tc:0ms
[2024-04-03 00:19:22] [info] Gin log method:GET , path:/api/record/recordlist?page=1&perPage=10 , status:200 , tc:1ms
[2024-04-03 00:19:33] [info] Gin log method:OPTIONS , path:/api/record/outdated/recordlist?page=1&perPage=10 , status:204 , tc:0ms
[2024-04-03 00:19:33] [info] Gin log method:GET , path:/api/record/outdated/recordlist?page=1&perPage=10 , status:200 , tc:1ms
[2024-04-03 00:19:35] [info] Gin log method:OPTIONS , path:/api/record/recordlist?page=1&perPage=10 , status:204 , tc:0ms
[2024-04-03 00:19:35] [info] Gin log method:GET , path:/api/record/recordlist?page=1&perPage=10 , status:200 , tc:1ms
[2024-04-03 00:19:42] [info] Gin log method:OPTIONS , path:/api/record/outdated/recordlist?page=1&perPage=10 , status:204 , tc:0ms
[2024-04-03 00:19:42] [info] Gin log method:GET , path:/api/record/outdated/recordlist?page=1&perPage=10 , status:200 , tc:2ms
[2024-04-03 00:21:14] [info] Gin log method:OPTIONS , path:/api/record/outdated/recordlist?page=1&perPage=10 , status:204 , tc:0ms
[2024-04-03 00:21:14] [info] Gin log method:GET , path:/api/record/outdated/recordlist?page=1&perPage=10 , status:200 , tc:2ms
[2024-04-03 00:21:16] [info] Gin log method:OPTIONS , path:/api/record/recordlist?page=1&perPage=10 , status:204 , tc:0ms
[2024-04-03 00:21:16] [info] Gin log method:GET , path:/api/record/recordlist?page=1&perPage=10 , status:200 , tc:2ms
[2024-04-03 00:21:28] [info] Gin log method:OPTIONS , path:/api/stadiumlist?page=1&perPage=10 , status:204 , tc:0ms
[2024-04-03 00:21:28] [info] Gin log method:GET , path:/api/stadiumlist?page=1&perPage=10 , status:200 , tc:0ms
[2024-04-03 00:21:29] [info] Gin log method:OPTIONS , path:/api/stadium/allowabletimes?ID=1&page=1&perPage=10 , status:204 , tc:0ms
[2024-04-03 00:21:29] [error] getStadiumBooked err = [<nil>]

[2024-04-03 00:21:29] [info] Gin log method:GET , path:/api/stadium/allowabletimes?ID=1&page=1&perPage=10 , status:200 , tc:32ms
[2024-04-03 00:21:38] [info] Gin log method:OPTIONS , path:/api/record/outdated/recordlist?page=1&perPage=10 , status:204 , tc:0ms
[2024-04-03 00:21:38] [info] Gin log method:GET , path:/api/record/outdated/recordlist?page=1&perPage=10 , status:200 , tc:3ms
[2024-04-03 00:21:40] [info] Gin log method:OPTIONS , path:/api/record/recordlist?page=1&perPage=10 , status:204 , tc:0ms
[2024-04-03 00:21:40] [info] Gin log method:GET , path:/api/record/recordlist?page=1&perPage=10 , status:200 , tc:1ms
[2024-04-03 00:25:13] [info] Gin log method:OPTIONS , path:/api/record/outdated/recordlist?page=1&perPage=10 , status:204 , tc:0ms
[2024-04-03 00:25:13] [info] Gin log method:GET , path:/api/record/outdated/recordlist?page=1&perPage=10 , status:200 , tc:2ms
[2024-04-03 00:25:19] [info] Gin log method:OPTIONS , path:/api/record/recordlist?page=1&perPage=10 , status:204 , tc:0ms
[2024-04-03 00:25:19] [info] Gin log method:GET , path:/api/record/recordlist?page=1&perPage=10 , status:200 , tc:1ms
[2024-04-03 00:25:30] [info] Gin log method:OPTIONS , path:/api/record/outdated/recordlist?page=1&perPage=10 , status:204 , tc:0ms
[2024-04-03 00:25:30] [info] Gin log method:GET , path:/api/record/outdated/recordlist?page=1&perPage=10 , status:200 , tc:2ms
[2024-04-03 00:25:31] [info] Gin log method:OPTIONS , path:/api/stadiumlist?page=1&perPage=10 , status:204 , tc:0ms
[2024-04-03 00:25:31] [info] Gin log method:GET , path:/api/stadiumlist?page=1&perPage=10 , status:200 , tc:0ms
[2024-04-03 00:25:34] [info] Gin log method:OPTIONS , path:/api/stadium/allowabletimes?ID=1&page=1&perPage=10 , status:204 , tc:0ms
[2024-04-03 00:25:34] [error] getStadiumBooked err = [<nil>]

[2024-04-03 00:25:34] [error] getStadiumBooked err = [<nil>]

[2024-04-03 00:25:34] [info] Gin log method:GET , path:/api/stadium/allowabletimes?ID=1&page=1&perPage=10 , status:200 , tc:1ms
[2024-04-03 00:25:38] [info] Gin log method:OPTIONS , path:/api/record/recordlist?page=1&perPage=10 , status:204 , tc:0ms
[2024-04-03 00:25:38] [info] Gin log method:GET , path:/api/record/recordlist?page=1&perPage=10 , status:200 , tc:1ms
[2024-04-03 00:28:33] [info] Gin log method:OPTIONS , path:/api/record/recordlist?page=1&perPage=10 , status:204 , tc:0ms
[2024-04-03 00:28:33] [info] Gin log method:GET , path:/api/record/recordlist?page=1&perPage=10 , status:200 , tc:1ms
[2024-04-03 00:28:35] [info] Gin log method:OPTIONS , path:/api/record/outdated/recordlist?page=1&perPage=10 , status:204 , tc:0ms
[2024-04-03 00:28:35] [info] Gin log method:GET , path:/api/record/outdated/recordlist?page=1&perPage=10 , status:200 , tc:1ms
[2024-04-03 00:28:38] [info] Gin log method:GET , path:/api/record/recordlist?page=1&perPage=10 , status:200 , tc:1ms
[2024-04-03 00:41:47] [info] Gin log method:OPTIONS , path:/api/record/recordlist?page=1&perPage=10 , status:204 , tc:0ms
[2024-04-03 00:41:47] [info] yesterday  [2024-04-02]

[2024-04-03 00:41:47] [info] Gin log method:GET , path:/api/record/recordlist?page=1&perPage=10 , status:200 , tc:1ms
[2024-04-03 00:45:18] [info] Gin log method:OPTIONS , path:/api/record/recordlist?page=1&perPage=10 , status:204 , tc:0ms
[2024-04-03 00:45:18] [info] Gin log method:GET , path:/api/record/recordlist?page=1&perPage=10 , status:200 , tc:2ms
[2024-04-03 00:45:19] [info] Gin log method:OPTIONS , path:/api/record/outdated/recordlist?page=1&perPage=10 , status:204 , tc:0ms
[2024-04-03 00:45:19] [info] Gin log method:GET , path:/api/record/outdated/recordlist?page=1&perPage=10 , status:200 , tc:3ms
[2024-04-03 00:45:20] [info] Gin log method:GET , path:/api/record/recordlist?page=1&perPage=10 , status:200 , tc:1ms
[2024-04-03 00:45:21] [info] Gin log method:OPTIONS , path:/api/stadiumlist?page=1&perPage=10 , status:204 , tc:0ms
[2024-04-03 00:45:21] [info] Gin log method:GET , path:/api/stadiumlist?page=1&perPage=10 , status:200 , tc:0ms
[2024-04-03 00:45:23] [info] Gin log method:OPTIONS , path:/api/stadium/allowabletimes?ID=3&page=1&perPage=10 , status:204 , tc:0ms
[2024-04-03 00:45:23] [info] Gin log method:GET , path:/api/stadium/allowabletimes?ID=3&page=1&perPage=10 , status:200 , tc:12ms
[2024-04-03 00:45:30] [info] Gin log method:OPTIONS , path:/api/stadium/order , status:204 , tc:0ms
[2024-04-03 00:45:30] [info] deleteBookedCache  id = [3 %!d(string=2024-04-03)], date = %!s(MISSING)

[2024-04-03 00:45:30] [info] Gin log method:POST , path:/api/stadium/order , status:200 , tc:9ms
[2024-04-03 00:45:37] [info] Gin log method:OPTIONS , path:/api/stadium/allowabletimes?ID=1&page=1&perPage=10 , status:204 , tc:0ms
[2024-04-03 00:45:37] [error] getStadiumBooked err = [<nil>]

[2024-04-03 00:45:37] [error] getStadiumBooked err = [<nil>]

[2024-04-03 00:45:37] [info] Gin log method:GET , path:/api/stadium/allowabletimes?ID=1&page=1&perPage=10 , status:200 , tc:1ms
[2024-04-03 00:45:42] [info] Gin log method:OPTIONS , path:/api/stadium/allowabletimes?ID=3&page=1&perPage=10 , status:204 , tc:0ms
[2024-04-03 00:45:42] [error] getStadiumBooked err = [<nil>]

[2024-04-03 00:45:42] [info] Gin log method:GET , path:/api/stadium/allowabletimes?ID=3&page=1&perPage=10 , status:200 , tc:8ms
[2024-04-03 00:45:46] [info] Gin log method:OPTIONS , path:/user/userinfo , status:204 , tc:0ms
[2024-04-03 00:45:46] [info] Gin log method:GET , path:/user/userinfo , status:200 , tc:1ms
[2024-04-03 00:45:47] [info] Gin log method:OPTIONS , path:/api/record/recordlist?page=1&perPage=10 , status:204 , tc:0ms
[2024-04-03 00:45:47] [info] Gin log method:GET , path:/api/record/recordlist?page=1&perPage=10 , status:200 , tc:2ms
[2024-04-03 00:46:35] [info] Gin log method:OPTIONS , path:/api/record/recordlist?page=1&perPage=10 , status:204 , tc:0ms
[2024-04-03 00:46:35] [info] yesterday  [2024-04-03 00:46:35]

[2024-04-03 00:46:35] [info] Gin log method:GET , path:/api/record/recordlist?page=1&perPage=10 , status:200 , tc:2ms
[2024-04-03 00:47:29] [info] Gin log method:OPTIONS , path:/api/record/recordlist?page=1&perPage=10 , status:204 , tc:0ms
[2024-04-03 00:47:29] [info] now  [2024-04-03 00:47:29]

[2024-04-03 00:47:29] [info] t  [2024-04-01 00:00:00]

[2024-04-03 00:47:29] [info] t  [2024-04-02 00:00:00]

[2024-04-03 00:47:29] [info] t  [2024-04-01 00:00:00]

[2024-04-03 00:47:29] [info] t  [2024-04-02 00:00:00]

[2024-04-03 00:47:29] [info] t  [2024-04-03 00:00:00]

[2024-04-03 00:47:29] [info] Gin log method:GET , path:/api/record/recordlist?page=1&perPage=10 , status:200 , tc:2ms
[2024-04-03 00:49:33] [info] Gin log method:OPTIONS , path:/api/record/recordlist?page=1&perPage=10 , status:204 , tc:0ms
[2024-04-03 00:49:33] [info] t is after now [2024-04-03 00:00:00 2024-04-03 00:49:33],  %!s(MISSING)
[2024-04-03 00:49:33] [info] Gin log method:GET , path:/api/record/recordlist?page=1&perPage=10 , status:200 , tc:2ms
[2024-04-03 00:50:44] [info] Gin log method:OPTIONS , path:/api/record/recordlist?page=1&perPage=10 , status:204 , tc:0ms
[2024-04-03 00:50:44] [info] t is after now [2024-04-01 00:00:00 2024-04-03 00:50:44],  %!s(MISSING)
[2024-04-03 00:50:44] [info] t is after now [2024-04-02 00:00:00 2024-04-03 00:50:44],  %!s(MISSING)
[2024-04-03 00:50:44] [info] t is after now [2024-04-01 00:00:00 2024-04-03 00:50:44],  %!s(MISSING)
[2024-04-03 00:50:44] [info] t is after now [2024-04-02 00:00:00 2024-04-03 00:50:44],  %!s(MISSING)
[2024-04-03 00:50:44] [info] Gin log method:GET , path:/api/record/recordlist?page=1&perPage=10 , status:200 , tc:2ms
[2024-04-03 00:52:54] [info] Gin log method:OPTIONS , path:/api/record/recordlist?page=1&perPage=10 , status:204 , tc:0ms
[2024-04-03 00:52:54] [info] [2024-04-01 00:00:00 2024-04-03 00:52:54] is after %!s(MISSING)
[2024-04-03 00:52:54] [info] [2024-04-02 00:00:00 2024-04-03 00:52:54] is after %!s(MISSING)
[2024-04-03 00:52:54] [info] [2024-04-01 00:00:00 2024-04-03 00:52:54] is after %!s(MISSING)
[2024-04-03 00:52:54] [info] [2024-04-02 00:00:00 2024-04-03 00:52:54] is after %!s(MISSING)
[2024-04-03 00:52:54] [info] Gin log method:GET , path:/api/record/recordlist?page=1&perPage=10 , status:200 , tc:2ms
[2024-04-03 00:53:50] [info] Gin log method:OPTIONS , path:/api/record/recordlist?page=1&perPage=10 , status:204 , tc:0ms
[2024-04-03 00:53:50] [info] 2024-04-01 00:00:00 is after 2024-04-03 00:53:50
[2024-04-03 00:53:50] [info] 2024-04-02 00:00:00 is after 2024-04-03 00:53:50
[2024-04-03 00:53:50] [info] 2024-04-01 00:00:00 is after 2024-04-03 00:53:50
[2024-04-03 00:53:50] [info] 2024-04-02 00:00:00 is after 2024-04-03 00:53:50
[2024-04-03 00:53:50] [info] Gin log method:GET , path:/api/record/recordlist?page=1&perPage=10 , status:200 , tc:2ms
[2024-04-03 00:55:04] [info] Gin log method:OPTIONS , path:/api/record/recordlist?page=1&perPage=10 , status:204 , tc:0ms
[2024-04-03 00:55:04] [info] 2024-04-01 00:00:00 is after 2024-04-03 00:55:04
[2024-04-03 00:55:04] [info] 2024-04-02 00:00:00 is after 2024-04-03 00:55:04
[2024-04-03 00:55:04] [info] 2024-04-01 00:00:00 is after 2024-04-03 00:55:04
[2024-04-03 00:55:04] [info] 2024-04-02 00:00:00 is after 2024-04-03 00:55:04
[2024-04-03 00:55:04] [info] Gin log method:GET , path:/api/record/recordlist?page=1&perPage=10 , status:200 , tc:3ms
[2024-04-03 01:03:43] [info] Gin log method:OPTIONS , path:/api/record/recordlist?page=1&perPage=10 , status:204 , tc:0ms
[2024-04-03 01:03:43] [info] 2024-04-01 00:00:00 is after 2024-04-03 01:03:43
[2024-04-03 01:03:43] [info] 2024-04-02 00:00:00 is after 2024-04-03 01:03:43
[2024-04-03 01:03:43] [info] 2024-04-01 00:00:00 is after 2024-04-03 01:03:43
[2024-04-03 01:03:43] [info] 2024-04-02 00:00:00 is after 2024-04-03 01:03:43
[2024-04-03 01:03:43] [info] Gin log method:GET , path:/api/record/recordlist?page=1&perPage=10 , status:200 , tc:1ms
[2024-04-03 01:03:45] [info] Gin log method:OPTIONS , path:/api/record/outdated/recordlist?page=1&perPage=10 , status:204 , tc:0ms
[2024-04-03 01:03:45] [info] 2024-04-01 00:00:00 is after 2024-04-03 01:03:45
[2024-04-03 01:03:45] [info] 2024-04-02 00:00:00 is after 2024-04-03 01:03:45
[2024-04-03 01:03:45] [info] 2024-04-01 00:00:00 is after 2024-04-03 01:03:45
[2024-04-03 01:03:45] [info] 2024-04-02 00:00:00 is after 2024-04-03 01:03:45
[2024-04-03 01:03:45] [info] Gin log method:GET , path:/api/record/outdated/recordlist?page=1&perPage=10 , status:200 , tc:1ms
[2024-04-03 01:03:47] [info] 2024-04-01 00:00:00 is after 2024-04-03 01:03:47
[2024-04-03 01:03:47] [info] 2024-04-02 00:00:00 is after 2024-04-03 01:03:47
[2024-04-03 01:03:47] [info] 2024-04-01 00:00:00 is after 2024-04-03 01:03:47
[2024-04-03 01:03:47] [info] 2024-04-02 00:00:00 is after 2024-04-03 01:03:47
[2024-04-03 01:03:47] [info] Gin log method:GET , path:/api/record/recordlist?page=1&perPage=10 , status:200 , tc:1ms
[2024-04-03 01:04:37] [info] Gin log method:OPTIONS , path:/api/record/recordlist?page=1&perPage=10 , status:204 , tc:0ms
[2024-04-03 01:04:37] [info] 2024-04-03 08:00:00 is after 2024-04-03 01:04:37
[2024-04-03 01:04:37] [info] Gin log method:GET , path:/api/record/recordlist?page=1&perPage=10 , status:200 , tc:1ms
[2024-04-03 01:05:41] [info] Gin log method:OPTIONS , path:/api/record/recordlist?page=1&perPage=10 , status:204 , tc:0ms
[2024-04-03 01:05:41] [info] 2024-04-03 08:00:00 is after 2024-04-03 01:05:41
[2024-04-03 01:05:41] [info] Gin log method:GET , path:/api/record/recordlist?page=1&perPage=10 , status:200 , tc:3ms
[2024-04-03 01:06:16] [info] Gin log method:OPTIONS , path:/api/record/recordlist?page=1&perPage=10 , status:204 , tc:0ms
[2024-04-03 01:06:16] [info] 2024-04-03 00:00:00 is after 2024-04-03 01:06:16
[2024-04-03 01:06:16] [info] Gin log method:GET , path:/api/record/recordlist?page=1&perPage=10 , status:200 , tc:3ms
[2024-04-03 01:10:42] [info] Gin log method:OPTIONS , path:/api/record/recordlist?page=1&perPage=10 , status:204 , tc:0ms
[2024-04-03 01:10:42] [info] 2024-04-02 00:00:00 is after 2024-04-02 01:10:42
[2024-04-03 01:10:42] [info] 2024-04-02 00:00:00 is after 2024-04-02 01:10:42
[2024-04-03 01:10:42] [info] 2024-04-03 00:00:00 is after 2024-04-02 01:10:42
[2024-04-03 01:10:42] [info] Gin log method:GET , path:/api/record/recordlist?page=1&perPage=10 , status:200 , tc:3ms
[2024-04-03 01:10:44] [info] Gin log method:OPTIONS , path:/api/record/outdated/recordlist?page=1&perPage=10 , status:204 , tc:0ms
[2024-04-03 01:10:44] [info] Gin log method:GET , path:/api/record/outdated/recordlist?page=1&perPage=10 , status:200 , tc:2ms
[2024-04-03 01:10:44] [info] 2024-04-02 00:00:00 is after 2024-04-02 01:10:44
[2024-04-03 01:10:44] [info] 2024-04-02 00:00:00 is after 2024-04-02 01:10:44
[2024-04-03 01:10:44] [info] 2024-04-03 00:00:00 is after 2024-04-02 01:10:44
[2024-04-03 01:10:44] [info] Gin log method:GET , path:/api/record/recordlist?page=1&perPage=10 , status:200 , tc:1ms
[2024-04-03 01:11:04] [info] Gin log method:OPTIONS , path:/api/record/recordlist?page=1&perPage=10 , status:204 , tc:0ms
[2024-04-03 01:11:04] [info] 2024-04-02 08:00:00 is after 2024-04-02 01:11:04
[2024-04-03 01:11:04] [info] 2024-04-02 08:00:00 is after 2024-04-02 01:11:04
[2024-04-03 01:11:04] [info] 2024-04-03 08:00:00 is after 2024-04-02 01:11:04
[2024-04-03 01:11:04] [info] Gin log method:GET , path:/api/record/recordlist?page=1&perPage=10 , status:200 , tc:1ms
[2024-04-03 01:13:55] [info] Gin log method:OPTIONS , path:/api/record/recordlist?page=1&perPage=10 , status:204 , tc:0ms
[2024-04-03 01:13:55] [info] 2024-04-03 08:00:00 is after 2024-04-03 00:00:00
[2024-04-03 01:13:55] [info] Gin log method:GET , path:/api/record/recordlist?page=1&perPage=10 , status:200 , tc:4ms
[2024-04-03 01:14:27] [info] Gin log method:OPTIONS , path:/api/record/outdated/recordlist?page=1&perPage=10 , status:204 , tc:0ms
[2024-04-03 01:14:27] [info] Gin log method:GET , path:/api/record/outdated/recordlist?page=1&perPage=10 , status:200 , tc:1ms
[2024-04-03 01:14:29] [info] Gin log method:OPTIONS , path:/api/record/recordlist?page=1&perPage=10 , status:204 , tc:0ms
[2024-04-03 01:14:29] [info] 2024-04-03 08:00:00 is after 2024-04-03 00:00:00
[2024-04-03 01:14:29] [info] Gin log method:GET , path:/api/record/recordlist?page=1&perPage=10 , status:200 , tc:1ms
[2024-04-03 01:14:35] [info] Gin log method:OPTIONS , path:/api/record/recordlist?Date=2024-04-03&page=1&perPage=10 , status:204 , tc:0ms
[2024-04-03 01:14:35] [info] 2024-04-03 08:00:00 is after 2024-04-03 00:00:00
[2024-04-03 01:14:35] [info] Gin log method:GET , path:/api/record/recordlist?Date=2024-04-03&page=1&perPage=10 , status:200 , tc:1ms
[2024-04-03 01:14:41] [info] Gin log method:OPTIONS , path:/api/record/recordlist?Date=2024-04-02&page=1&perPage=10 , status:204 , tc:0ms
[2024-04-03 01:14:41] [info] Gin log method:GET , path:/api/record/recordlist?Date=2024-04-02&page=1&perPage=10 , status:200 , tc:1ms
[2024-04-03 01:14:44] [info] Gin log method:OPTIONS , path:/api/record/recordlist?Date=2024-04-03&page=1&perPage=10 , status:204 , tc:0ms
[2024-04-03 01:14:44] [info] 2024-04-03 08:00:00 is after 2024-04-03 00:00:00
[2024-04-03 01:14:44] [info] Gin log method:GET , path:/api/record/recordlist?Date=2024-04-03&page=1&perPage=10 , status:200 , tc:2ms
[2024-04-03 01:14:45] [info] Gin log method:OPTIONS , path:/api/record/outdated/recordlist?page=1&perPage=10 , status:204 , tc:0ms
[2024-04-03 01:14:45] [info] Gin log method:GET , path:/api/record/outdated/recordlist?page=1&perPage=10 , status:200 , tc:1ms
[2024-04-03 01:14:47] [info] Gin log method:OPTIONS , path:/api/record/outdated/recordlist?Date=2024-04-03&page=1&perPage=10 , status:204 , tc:0ms
[2024-04-03 01:14:47] [info] Gin log method:GET , path:/api/record/outdated/recordlist?Date=2024-04-03&page=1&perPage=10 , status:200 , tc:1ms
[2024-04-03 01:14:54] [info] Gin log method:OPTIONS , path:/api/record/outdated/recordlist?Date=2024-03-05&page=1&perPage=10 , status:204 , tc:0ms
[2024-04-03 01:14:54] [info] Gin log method:GET , path:/api/record/outdated/recordlist?Date=2024-03-05&page=1&perPage=10 , status:200 , tc:1ms
[2024-04-03 01:15:01] [info] Gin log method:OPTIONS , path:/api/record/outdated/recordlist?Date=2024-03-02&page=1&perPage=10 , status:204 , tc:0ms
[2024-04-03 01:15:01] [info] Gin log method:GET , path:/api/record/outdated/recordlist?Date=2024-03-02&page=1&perPage=10 , status:200 , tc:1ms
[2024-04-03 01:15:15] [info] Gin log method:OPTIONS , path:/api/record/outdated/recordlist?Date=2024-04-02&page=1&perPage=10 , status:204 , tc:0ms
[2024-04-03 01:15:15] [info] Gin log method:GET , path:/api/record/outdated/recordlist?Date=2024-04-02&page=1&perPage=10 , status:200 , tc:1ms
[2024-04-03 01:16:15] [info] Gin log method:OPTIONS , path:/api/stadiumlist?page=1&perPage=10 , status:204 , tc:0ms
[2024-04-03 01:16:15] [info] Gin log method:GET , path:/api/stadiumlist?page=1&perPage=10 , status:200 , tc:0ms
[2024-04-03 01:16:18] [info] Gin log method:OPTIONS , path:/user/userinfo , status:204 , tc:0ms
[2024-04-03 01:16:18] [info] Gin log method:GET , path:/user/userinfo , status:200 , tc:1ms
[2024-04-03 01:16:19] [info] Gin log method:GET , path:/api/stadiumlist?page=1&perPage=10 , status:200 , tc:0ms
[2024-04-03 01:16:34] [info] Gin log method:OPTIONS , path:/api/stadiumlist?page=1&perPage=10 , status:204 , tc:0ms
[2024-04-03 01:16:34] [info] Gin log method:GET , path:/api/stadiumlist?page=1&perPage=10 , status:401 , tc:0ms
[2024-04-03 01:16:42] [info] Gin log method:POST , path:/admin/login , status:200 , tc:2ms
[2024-04-03 01:16:42] [info] Gin log method:OPTIONS , path:/api/stadiumlist?page=1&perPage=10 , status:204 , tc:0ms
[2024-04-03 01:16:42] [info] Gin log method:GET , path:/api/stadiumlist?page=1&perPage=10 , status:200 , tc:0ms
[2024-04-03 01:16:53] [info] Gin log method:OPTIONS , path:/api/record/admin/recordlist?page=1&perPage=10 , status:204 , tc:0ms
[2024-04-03 01:16:53] [info] Gin log method:GET , path:/api/record/admin/recordlist?page=1&perPage=10 , status:200 , tc:2ms
[2024-04-03 01:16:58] [info] Gin log method:OPTIONS , path:/admin/adminlist?page=1&perPage=10 , status:204 , tc:0ms
[2024-04-03 01:16:58] [info] Gin log method:GET , path:/admin/adminlist?page=1&perPage=10 , status:200 , tc:2ms
[2024-04-03 01:19:27] [info] Gin log method:OPTIONS , path:/api/record/admin/recordlist?page=1&perPage=10 , status:204 , tc:0ms
[2024-04-03 01:19:27] [info] Gin log method:GET , path:/api/record/admin/recordlist?page=1&perPage=10 , status:200 , tc:2ms
[2024-04-03 01:20:45] [info] Gin log method:OPTIONS , path:/api/record/admin/recordlist?page=1&perPage=10 , status:204 , tc:0ms
[2024-04-03 01:20:45] [info] Gin log method:GET , path:/api/record/admin/recordlist?page=1&perPage=10 , status:200 , tc:1ms
[2024-04-03 01:20:52] [info] Gin log method:OPTIONS , path:/api/record/admin/recordlist?Date=2024-04-05&page=1&perPage=10 , status:204 , tc:0ms
[2024-04-03 01:20:52] [info] Gin log method:GET , path:/api/record/admin/recordlist?Date=2024-04-05&page=1&perPage=10 , status:200 , tc:3ms
[2024-04-03 01:20:57] [info] Gin log method:OPTIONS , path:/api/record/admin/recordlist?Date=2024-04-02&page=1&perPage=10 , status:204 , tc:0ms
[2024-04-03 01:20:57] [info] Gin log method:GET , path:/api/record/admin/recordlist?Date=2024-04-02&page=1&perPage=10 , status:200 , tc:3ms
[2024-04-03 01:21:04] [info] Gin log method:OPTIONS , path:/api/record/admin/recordlist?page=1&perPage=10 , status:204 , tc:0ms
[2024-04-03 01:21:04] [info] Gin log method:GET , path:/api/record/admin/recordlist?page=1&perPage=10 , status:200 , tc:3ms
[2024-04-03 01:24:10] [info] Gin log method:OPTIONS , path:/admin/adminlist?page=1&perPage=10 , status:204 , tc:0ms
[2024-04-03 01:24:10] [info] Gin log method:GET , path:/admin/adminlist?page=1&perPage=10 , status:200 , tc:1ms
[2024-04-03 01:24:12] [info] Gin log method:OPTIONS , path:/api/stadiumlist?page=1&perPage=10 , status:204 , tc:0ms
[2024-04-03 01:24:12] [info] Gin log method:GET , path:/api/stadiumlist?page=1&perPage=10 , status:200 , tc:0ms
[2024-04-03 01:24:13] [info] Gin log method:OPTIONS , path:/api/record/admin/recordlist?page=1&perPage=10 , status:204 , tc:0ms
[2024-04-03 01:24:14] [info] Gin log method:GET , path:/api/record/admin/recordlist?page=1&perPage=10 , status:200 , tc:4ms
[2024-04-03 01:24:16] [info] Gin log method:GET , path:/api/record/admin/recordlist?page=1&perPage=10 , status:200 , tc:2ms
[2024-04-03 01:25:45] [info] Gin log method:OPTIONS , path:/api/record/admin/recordlist?page=1&perPage=10 , status:204 , tc:0ms
[2024-04-03 01:25:45] [info] Gin log method:GET , path:/api/record/admin/recordlist?page=1&perPage=10 , status:200 , tc:1ms
[2024-04-03 01:25:48] [info] Gin log method:GET , path:/api/record/admin/recordlist?page=1&perPage=10 , status:200 , tc:3ms
[2024-04-03 01:25:49] [info] Gin log method:GET , path:/api/record/admin/recordlist?page=1&perPage=10 , status:200 , tc:1ms
[2024-04-03 01:25:50] [info] Gin log method:OPTIONS , path:/api/record/admin/recordlist?page=1&perPage=10 , status:204 , tc:0ms
[2024-04-03 01:25:50] [info] Gin log method:GET , path:/api/record/admin/recordlist?page=1&perPage=10 , status:200 , tc:2ms
[2024-04-03 01:25:51] [info] Gin log method:GET , path:/api/record/admin/recordlist?page=1&perPage=10 , status:200 , tc:2ms
[2024-04-03 01:28:41] [info] Gin log method:OPTIONS , path:/api/record/admin/recordlist?page=1&perPage=10 , status:204 , tc:0ms
[2024-04-03 01:28:41] [info] Gin log method:GET , path:/api/record/admin/recordlist?page=1&perPage=10 , status:200 , tc:1ms
[2024-04-03 01:28:43] [info] Gin log method:GET , path:/api/record/admin/recordlist?page=1&perPage=10 , status:200 , tc:2ms
[2024-04-03 01:28:44] [info] Gin log method:GET , path:/api/record/admin/recordlist?page=1&perPage=10 , status:200 , tc:2ms
[2024-04-03 01:28:45] [info] Gin log method:GET , path:/api/record/admin/recordlist?page=1&perPage=10 , status:200 , tc:2ms
[2024-04-03 01:28:45] [info] Gin log method:GET , path:/api/record/admin/recordlist?page=1&perPage=10 , status:200 , tc:3ms
[2024-04-03 01:29:01] [info] Gin log method:OPTIONS , path:/api/record/admin/recordlist?page=1&perPage=10 , status:204 , tc:0ms
[2024-04-03 01:29:01] [info] Gin log method:GET , path:/api/record/admin/recordlist?page=1&perPage=10 , status:200 , tc:2ms
[2024-04-03 01:29:02] [info] Gin log method:OPTIONS , path:/api/record/admin/outdated/recordlist?page=1&perPage=10 , status:204 , tc:0ms
[2024-04-03 01:29:02] [info] Gin log method:GET , path:/api/record/admin/outdated/recordlist?page=1&perPage=10 , status:200 , tc:2ms
[2024-04-03 01:29:35] [info] Gin log method:OPTIONS , path:/api/record/admin/outdated/recordlist?page=1&perPage=10 , status:204 , tc:0ms
[2024-04-03 01:29:35] [info] Gin log method:GET , path:/api/record/admin/outdated/recordlist?page=1&perPage=10 , status:200 , tc:2ms
[2024-04-03 01:29:38] [info] Gin log method:OPTIONS , path:/api/record/admin/recordlist?page=1&perPage=10 , status:204 , tc:0ms
[2024-04-03 01:29:38] [info] Gin log method:GET , path:/api/record/admin/recordlist?page=1&perPage=10 , status:200 , tc:2ms
[2024-04-03 01:29:38] [info] Gin log method:GET , path:/api/record/admin/outdated/recordlist?page=1&perPage=10 , status:200 , tc:2ms
[2024-04-03 01:29:40] [info] Gin log method:OPTIONS , path:/api/stadiumlist?page=1&perPage=10 , status:204 , tc:0ms
[2024-04-03 01:29:40] [info] Gin log method:GET , path:/api/stadiumlist?page=1&perPage=10 , status:200 , tc:0ms
[2024-04-03 01:29:40] [info] Gin log method:OPTIONS , path:/admin/adminlist?page=1&perPage=10 , status:204 , tc:0ms
[2024-04-03 01:29:40] [info] Gin log method:GET , path:/admin/adminlist?page=1&perPage=10 , status:200 , tc:2ms
[2024-04-03 01:29:41] [info] Gin log method:OPTIONS , path:/admin/admininfo , status:204 , tc:0ms
[2024-04-03 01:29:41] [info] Gin log method:GET , path:/admin/admininfo , status:200 , tc:3ms
[2024-04-03 01:29:42] [info] Gin log method:GET , path:/api/stadiumlist?page=1&perPage=10 , status:200 , tc:0ms
[2024-04-03 01:29:49] [info] Gin log method:OPTIONS , path:/api/record/admin/outdated/recordlist?page=1&perPage=10 , status:204 , tc:0ms
[2024-04-03 01:29:49] [info] Gin log method:GET , path:/api/record/admin/outdated/recordlist?page=1&perPage=10 , status:200 , tc:2ms
[2024-04-03 01:29:50] [info] Gin log method:OPTIONS , path:/api/record/admin/recordlist?page=1&perPage=10 , status:204 , tc:0ms
[2024-04-03 01:29:50] [info] Gin log method:GET , path:/api/record/admin/recordlist?page=1&perPage=10 , status:200 , tc:2ms
