[2024-04-15 12:40:24] [info] Gin log method:POST , path:/user/login , status:200 , tc:1ms
[2024-04-15 12:52:10] [info] Gin log method:POST , path:/api/game/creategame , status:200 , tc:0ms
[2024-04-15 12:54:06] [info] Gin log method:POST , path:/api/game/creategame , status:200 , tc:0ms
[2024-04-15 13:06:16] [info] Gin log method:POST , path:/api/game/creategame , status:200 , tc:20ms
[2024-04-15 13:12:04] [info] Gin log method:POST , path:/user/login , status:200 , tc:8ms
[2024-04-15 13:12:21] [info] Gin log method:POST , path:/api/game/creategame , status:200 , tc:8ms
[2024-04-15 13:13:35] [info] Gin log method:POST , path:/api/game/creategame , status:200 , tc:9ms
[2024-04-15 15:59:23] [info] Gin log method:POST , path:/user/login , status:200 , tc:40ms
[2024-04-15 15:59:34] [info] Gin log method:OPTIONS , path:/api/game/gamelist , status:204 , tc:0ms
[2024-04-15 15:59:38] [info] Gin log method:OPTIONS , path:/api/game/gamelist , status:204 , tc:0ms
[2024-04-15 16:02:22] [info] Gin log method:OPTIONS , path:/api/game/gamelist , status:204 , tc:0ms
[2024-04-15 16:02:22] [info] Gin log method:GET , path:/api/game/gamelist , status:200 , tc:0ms
[2024-04-15 16:07:22] [info] Gin log method:OPTIONS , path:/api/game/gamelist?page=1&perPAge=10 , status:204 , tc:0ms
[2024-04-15 16:07:22] [info] Gin log method:GET , path:/api/game/gamelist?page=1&perPAge=10 , status:200 , tc:0ms
[2024-04-15 16:07:39] [info] Gin log method:OPTIONS , path:/api/game/gamelist?page=1&perPage=10 , status:204 , tc:0ms
[2024-04-15 16:07:39] [info] Gin log method:GET , path:/api/game/gamelist?page=1&perPage=10 , status:200 , tc:6ms
[2024-04-15 16:09:17] [info] Gin log method:OPTIONS , path:/api/game/gamelist?page=1&perPage=10&$$id=0952bb2972d5 , status:204 , tc:0ms
[2024-04-15 16:29:35] [info] Gin log method:POST , path:/user/login , status:200 , tc:3ms
[2024-04-15 16:59:55] [info] Gin log method:OPTIONS , path:/api/game/gamelist?page=1&perPage=10 , status:204 , tc:0ms
[2024-04-15 16:59:55] [info] Gin log method:GET , path:/api/game/gamelist?page=1&perPage=10 , status:200 , tc:9ms
[2024-04-15 17:03:48] [info] Gin log method:OPTIONS , path:/api/game/gamelist?page=1&perPage=10&$$id=231e1b466213 , status:204 , tc:0ms
[2024-04-15 17:04:43] [info] Gin log method:OPTIONS , path:/api/game/gamelist?page=1&perPage=10 , status:204 , tc:0ms
[2024-04-15 17:04:44] [info] Gin log method:GET , path:/api/game/gamelist?page=1&perPage=10 , status:200 , tc:27ms
[2024-04-15 17:05:01] [info] Gin log method:OPTIONS , path:/api/game/gamelist?page=1&perPage=10&$$id=231e1b466213 , status:204 , tc:0ms
[2024-04-15 17:30:54] [info] Gin log method:OPTIONS , path:/api/game/gamelist?page=1&perPage=10&$$id=231e1b466213 , status:204 , tc:0ms
[2024-04-15 19:51:12] [info] Gin log method:OPTIONS , path:/api/game/gamelist?page=1&perPage=10 , status:204 , tc:0ms
[2024-04-15 19:51:12] [info] Gin log method:GET , path:/api/game/gamelist?page=1&perPage=10 , status:401 , tc:2ms
[2024-04-15 19:51:20] [info] Gin log method:OPTIONS , path:/api/game/gamelist?page=1&perPage=10&$$id=231e1b466213 , status:204 , tc:0ms
[2024-04-15 21:56:51] [info] Gin log method:OPTIONS , path:/user/login , status:403 , tc:0ms
[2024-04-15 21:57:03] [info] Gin log method:OPTIONS , path:/user/login , status:403 , tc:0ms
[2024-04-15 22:00:24] [info] Gin log method:OPTIONS , path:/user/login , status:204 , tc:0ms
[2024-04-15 22:00:24] [info] Gin log method:POST , path:/user/login , status:200 , tc:3ms
[2024-04-15 22:00:25] [info] Gin log method:OPTIONS , path:/api/stadiumlist?page=1&perPage=10 , status:204 , tc:0ms
[2024-04-15 22:00:25] [info] Gin log method:GET , path:/api/stadiumlist?page=1&perPage=10 , status:200 , tc:0ms
[2024-04-15 22:00:32] [info] Gin log method:OPTIONS , path:/api/game/gamelist?page=1&perPage=10 , status:204 , tc:0ms
[2024-04-15 22:00:32] [info] Gin log method:GET , path:/api/game/gamelist?page=1&perPage=10 , status:200 , tc:1ms
[2024-04-15 22:00:41] [info] Gin log method:OPTIONS , path:/api/record/recordlist?page=1&perPage=10 , status:204 , tc:0ms
[2024-04-15 22:00:41] [info] Gin log method:GET , path:/api/record/recordlist?page=1&perPage=10 , status:200 , tc:7ms
[2024-04-15 22:00:43] [info] Gin log method:OPTIONS , path:/api/game/gamelist?page=1&perPage=10 , status:204 , tc:0ms
[2024-04-15 22:00:43] [info] Gin log method:GET , path:/api/game/gamelist?page=1&perPage=10 , status:200 , tc:1ms
[2024-04-15 22:05:45] [info] Gin log method:OPTIONS , path:/user/userinfo , status:204 , tc:0ms
[2024-04-15 22:05:45] [info] Gin log method:GET , path:/user/userinfo , status:200 , tc:4ms
[2024-04-15 22:05:50] [info] Gin log method:OPTIONS , path:/api/record/outdated/recordlist?page=1&perPage=10 , status:204 , tc:0ms
[2024-04-15 22:05:50] [info] Gin log method:GET , path:/api/record/outdated/recordlist?page=1&perPage=10 , status:200 , tc:1ms
[2024-04-15 22:05:53] [info] Gin log method:OPTIONS , path:/api/record/recordlist?page=1&perPage=10 , status:204 , tc:0ms
[2024-04-15 22:05:53] [info] Gin log method:GET , path:/api/record/recordlist?page=1&perPage=10 , status:200 , tc:1ms
[2024-04-15 22:05:54] [info] Gin log method:GET , path:/api/record/outdated/recordlist?page=1&perPage=10 , status:200 , tc:2ms
[2024-04-15 22:06:03] [info] Gin log method:OPTIONS , path:/api/game/gamelist?page=1&perPage=10 , status:204 , tc:0ms
[2024-04-15 22:06:03] [info] Gin log method:GET , path:/api/game/gamelist?page=1&perPage=10 , status:200 , tc:0ms
[2024-04-15 22:06:04] [info] Gin log method:OPTIONS , path:/api/record/recordlist?page=1&perPage=10 , status:204 , tc:0ms
[2024-04-15 22:06:04] [info] Gin log method:GET , path:/api/record/recordlist?page=1&perPage=10 , status:200 , tc:1ms
[2024-04-15 22:06:05] [info] Gin log method:GET , path:/api/game/gamelist?page=1&perPage=10 , status:200 , tc:0ms
[2024-04-15 22:08:34] [info] Gin log method:POST , path:/api/game/creategame , status:401 , tc:0ms
[2024-04-15 22:08:40] [info] Gin log method:POST , path:/user/login , status:200 , tc:1ms
[2024-04-15 22:08:55] [info] Gin log method:POST , path:/api/game/creategame , status:200 , tc:25ms
[2024-04-15 22:08:59] [info] Gin log method:OPTIONS , path:/api/game/gamelist?page=1&perPage=10 , status:204 , tc:0ms
[2024-04-15 22:08:59] [info] Gin log method:GET , path:/api/game/gamelist?page=1&perPage=10 , status:200 , tc:1ms
[2024-04-15 22:09:09] [info] Gin log method:OPTIONS , path:/user/userinfo , status:204 , tc:0ms
[2024-04-15 22:09:09] [info] Gin log method:GET , path:/user/userinfo , status:200 , tc:2ms
[2024-04-15 22:09:37] [info] Gin log method:OPTIONS , path:/user/login , status:204 , tc:0ms
[2024-04-15 22:09:37] [info] Gin log method:POST , path:/user/login , status:200 , tc:1ms
[2024-04-15 22:09:38] [info] Gin log method:OPTIONS , path:/api/stadiumlist?page=1&perPage=10 , status:204 , tc:0ms
[2024-04-15 22:09:38] [info] Gin log method:GET , path:/api/stadiumlist?page=1&perPage=10 , status:200 , tc:0ms
[2024-04-15 22:09:42] [info] Gin log method:OPTIONS , path:/api/game/gamelist?page=1&perPage=10 , status:204 , tc:0ms
[2024-04-15 22:09:42] [info] Gin log method:GET , path:/api/game/gamelist?page=1&perPage=10 , status:200 , tc:1ms
[2024-04-15 22:09:47] [info] Gin log method:OPTIONS , path:/api/game/applygame , status:204 , tc:0ms
[2024-04-15 22:09:47] [info] Gin log method:POST , path:/api/game/applygame , status:200 , tc:8ms
[2024-04-15 22:13:29] [info] Gin log method:GET , path:/api/game/gamelist?page=1&perPage=10 , status:401 , tc:0ms
[2024-04-15 22:13:37] [info] Gin log method:GET , path:/api/game/gamelist?page=1&perPage=10 , status:401 , tc:0ms
[2024-04-15 22:14:44] [info] Gin log method:OPTIONS , path:/api/game/gamelist?page=1&perPage=10 , status:204 , tc:0ms
[2024-04-15 22:14:44] [info] Gin log method:GET , path:/api/game/gamelist?page=1&perPage=10 , status:200 , tc:1ms
[2024-04-15 22:14:49] [info] Gin log method:OPTIONS , path:/api/game/gamelist?canApply=true&page=1&perPage=10 , status:204 , tc:0ms
[2024-04-15 22:14:49] [info] Gin log method:GET , path:/api/game/gamelist?canApply=true&page=1&perPage=10 , status:200 , tc:1ms
[2024-04-15 22:14:49] [info] Gin log method:OPTIONS , path:/api/game/gamelist?canApply=true&page=1&perPage=10 , status:204 , tc:0ms
[2024-04-15 22:14:49] [info] Gin log method:GET , path:/api/game/gamelist?canApply=true&page=1&perPage=10 , status:200 , tc:1ms
[2024-04-15 22:15:10] [info] Gin log method:OPTIONS , path:/api/game/gamelist?canApply=true&page=1&perPage=10 , status:204 , tc:0ms
[2024-04-15 22:15:10] [info] Gin log method:GET , path:/api/game/gamelist?canApply=true&page=1&perPage=10 , status:200 , tc:1ms
[2024-04-15 22:15:15] [info] Gin log method:OPTIONS , path:/api/game/gamelist?canApply=false&page=1&perPage=10 , status:204 , tc:1ms
[2024-04-15 22:15:15] [info] Gin log method:GET , path:/api/game/gamelist?canApply=false&page=1&perPage=10 , status:200 , tc:2ms
[2024-04-15 22:15:15] [info] Gin log method:OPTIONS , path:/api/game/gamelist?canApply=false&page=1&perPage=10 , status:204 , tc:0ms
[2024-04-15 22:15:15] [info] Gin log method:GET , path:/api/game/gamelist?canApply=false&page=1&perPage=10 , status:200 , tc:2ms
[2024-04-15 22:15:37] [info] Gin log method:OPTIONS , path:/api/game/gamelist?page=1&perPage=10 , status:204 , tc:0ms
[2024-04-15 22:15:37] [info] Gin log method:GET , path:/api/game/gamelist?page=1&perPage=10 , status:200 , tc:1ms
[2024-04-15 22:15:54] [info] Gin log method:OPTIONS , path:/api/game/gamelist?page=1&perPage=10 , status:204 , tc:0ms
[2024-04-15 22:15:54] [info] Gin log method:GET , path:/api/game/gamelist?page=1&perPage=10 , status:200 , tc:2ms
[2024-04-15 22:15:59] [info] Gin log method:OPTIONS , path:/api/game/applygame , status:204 , tc:0ms
[2024-04-15 22:15:59] [info] Gin log method:POST , path:/api/game/applygame , status:200 , tc:2ms
[2024-04-15 22:16:03] [info] Gin log method:OPTIONS , path:/api/game/gamelist?canApply=true&page=1&perPage=10 , status:204 , tc:0ms
[2024-04-15 22:16:03] [info] Gin log method:GET , path:/api/game/gamelist?canApply=true&page=1&perPage=10 , status:200 , tc:1ms
[2024-04-15 22:16:03] [info] Gin log method:OPTIONS , path:/api/game/gamelist?canApply=true&page=1&perPage=10 , status:204 , tc:0ms
[2024-04-15 22:16:03] [info] Gin log method:GET , path:/api/game/gamelist?canApply=true&page=1&perPage=10 , status:200 , tc:1ms
[2024-04-15 22:16:05] [info] Gin log method:OPTIONS , path:/api/game/gamelist?canApply=true&page=1&perPage=10 , status:204 , tc:0ms
[2024-04-15 22:16:05] [info] Gin log method:GET , path:/api/game/gamelist?canApply=true&page=1&perPage=10 , status:200 , tc:0ms
[2024-04-15 22:16:08] [info] Gin log method:OPTIONS , path:/api/game/gamelist?canApply=true&page=1&perPage=10 , status:204 , tc:0ms
[2024-04-15 22:16:08] [info] Gin log method:GET , path:/api/game/gamelist?canApply=true&page=1&perPage=10 , status:200 , tc:1ms
[2024-04-15 22:16:10] [info] Gin log method:OPTIONS , path:/api/game/gamelist?canApply=false&page=1&perPage=10 , status:204 , tc:0ms
[2024-04-15 22:16:10] [info] Gin log method:GET , path:/api/game/gamelist?canApply=false&page=1&perPage=10 , status:200 , tc:1ms
[2024-04-15 22:16:10] [info] Gin log method:OPTIONS , path:/api/game/gamelist?canApply=false&page=1&perPage=10 , status:204 , tc:0ms
[2024-04-15 22:16:10] [info] Gin log method:GET , path:/api/game/gamelist?canApply=false&page=1&perPage=10 , status:200 , tc:0ms
[2024-04-15 22:16:12] [info] Gin log method:OPTIONS , path:/api/game/gamelist?canApply=true&page=1&perPage=10 , status:204 , tc:0ms
[2024-04-15 22:16:12] [info] Gin log method:GET , path:/api/game/gamelist?canApply=true&page=1&perPage=10 , status:200 , tc:1ms
[2024-04-15 22:16:12] [info] Gin log method:OPTIONS , path:/api/game/gamelist?canApply=true&page=1&perPage=10 , status:204 , tc:0ms
[2024-04-15 22:16:12] [info] Gin log method:GET , path:/api/game/gamelist?canApply=true&page=1&perPage=10 , status:200 , tc:0ms
[2024-04-15 22:19:22] [info] Gin log method:OPTIONS , path:/api/game/gamelist?page=1&perPage=10 , status:204 , tc:0ms
[2024-04-15 22:19:22] [info] Gin log method:GET , path:/api/game/gamelist?page=1&perPage=10 , status:200 , tc:1ms
[2024-04-15 22:21:52] [info] Gin log method:OPTIONS , path:/api/game/gamelist?page=1&perPage=10 , status:204 , tc:0ms
[2024-04-15 22:21:52] [info] Gin log method:GET , path:/api/game/gamelist?page=1&perPage=10 , status:200 , tc:2ms
[2024-04-15 22:22:05] [info] Gin log method:OPTIONS , path:/api/game/gamelist?page=1&perPage=10 , status:204 , tc:0ms
[2024-04-15 22:22:05] [info] Gin log method:GET , path:/api/game/gamelist?page=1&perPage=10 , status:200 , tc:1ms
[2024-04-15 22:22:41] [info] Gin log method:OPTIONS , path:/api/game/gamelist?page=1&perPage=10 , status:204 , tc:0ms
[2024-04-15 22:22:41] [info] Gin log method:GET , path:/api/game/gamelist?page=1&perPage=10 , status:200 , tc:1ms
[2024-04-15 22:23:44] [info] Gin log method:OPTIONS , path:/api/game/applygame , status:204 , tc:0ms
[2024-04-15 22:23:44] [info] Gin log method:POST , path:/api/game/applygame , status:200 , tc:2ms
[2024-04-15 22:23:47] [info] Gin log method:OPTIONS , path:/api/game/gamelist?page=1&perPage=10 , status:204 , tc:0ms
[2024-04-15 22:23:47] [info] Gin log method:GET , path:/api/game/gamelist?page=1&perPage=10 , status:200 , tc:0ms
[2024-04-15 22:25:20] [info] Gin log method:OPTIONS , path:/api/game/gamelist?page=1&perPage=10 , status:204 , tc:0ms
[2024-04-15 22:25:20] [info] Gin log method:GET , path:/api/game/gamelist?page=1&perPage=10 , status:200 , tc:1ms
[2024-04-15 22:25:38] [info] Gin log method:OPTIONS , path:/api/game/gamelist?page=1&perPage=10 , status:204 , tc:0ms
[2024-04-15 22:25:38] [info] Gin log method:GET , path:/api/game/gamelist?page=1&perPage=10 , status:200 , tc:1ms
[2024-04-15 22:25:53] [info] Gin log method:OPTIONS , path:/api/game/gamelist?canApply=true&page=1&perPage=10 , status:204 , tc:0ms
[2024-04-15 22:25:53] [info] Gin log method:GET , path:/api/game/gamelist?canApply=true&page=1&perPage=10 , status:200 , tc:2ms
[2024-04-15 22:25:53] [info] Gin log method:GET , path:/api/game/gamelist?canApply=true&page=1&perPage=10 , status:200 , tc:1ms
[2024-04-15 22:25:56] [info] Gin log method:OPTIONS , path:/api/game/gamelist?page=1&perPage=10 , status:204 , tc:0ms
[2024-04-15 22:25:56] [info] Gin log method:GET , path:/api/game/gamelist?page=1&perPage=10 , status:200 , tc:1ms
[2024-04-15 22:33:39] [info] Gin log method:OPTIONS , path:/api/game/gamelist?page=1&perPage=10 , status:204 , tc:0ms
[2024-04-15 22:33:39] [info] Gin log method:GET , path:/api/game/gamelist?page=1&perPage=10 , status:200 , tc:3ms
[2024-04-15 22:33:54] [info] Gin log method:OPTIONS , path:/api/game/gamelist?stadium=1&page=1&perPage=10 , status:204 , tc:0ms
[2024-04-15 22:33:54] [info] Gin log method:GET , path:/api/game/gamelist?stadium=1&page=1&perPage=10 , status:200 , tc:1ms
[2024-04-15 22:33:57] [info] Gin log method:OPTIONS , path:/api/game/gamelist?stadium=&page=1&perPage=10 , status:204 , tc:0ms
[2024-04-15 22:33:57] [info] Gin log method:GET , path:/api/game/gamelist?stadium=&page=1&perPage=10 , status:200 , tc:1ms
[2024-04-15 22:34:00] [info] Gin log method:OPTIONS , path:/api/game/gamelist?stadium=%E7%AF%AE%E7%90%83%E5%9C%BA1&page=1&perPage=10 , status:204 , tc:0ms
[2024-04-15 22:34:00] [info] Gin log method:GET , path:/api/game/gamelist?stadium=%E7%AF%AE%E7%90%83%E5%9C%BA1&page=1&perPage=10 , status:200 , tc:1ms
[2024-04-15 22:34:41] [info] Gin log method:OPTIONS , path:/api/game/gamelist?stadium=%E7%AF%AE%E7%90%83%E5%9C%BA1&page=1&perPage=10 , status:204 , tc:0ms
[2024-04-15 22:34:41] [info] Gin log method:GET , path:/api/game/gamelist?stadium=%E7%AF%AE%E7%90%83%E5%9C%BA1&page=1&perPage=10 , status:200 , tc:1ms
[2024-04-15 22:34:43] [info] Gin log method:GET , path:/api/game/gamelist?stadium=%E7%AF%AE%E7%90%83%E5%9C%BA1&page=1&perPage=10 , status:200 , tc:1ms
[2024-04-15 22:34:45] [info] Gin log method:GET , path:/api/game/gamelist?stadium=%E7%AF%AE%E7%90%83%E5%9C%BA1&page=1&perPage=10 , status:200 , tc:2ms
[2024-04-15 22:34:49] [info] Gin log method:OPTIONS , path:/api/game/gamelist?stadium=%E7%AF%AE%E7%90%83%E5%9C%BA1&page=1&perPage=10 , status:204 , tc:0ms
[2024-04-15 22:34:49] [info] Gin log method:GET , path:/api/game/gamelist?stadium=%E7%AF%AE%E7%90%83%E5%9C%BA1&page=1&perPage=10 , status:200 , tc:2ms
[2024-04-15 22:34:58] [info] Gin log method:OPTIONS , path:/api/record/recordlist?page=1&perPage=10 , status:204 , tc:0ms
[2024-04-15 22:34:58] [info] Gin log method:GET , path:/api/record/recordlist?page=1&perPage=10 , status:200 , tc:2ms
[2024-04-15 22:34:58] [info] Gin log method:OPTIONS , path:/api/game/gamelist?page=1&perPage=10 , status:204 , tc:0ms
[2024-04-15 22:34:59] [info] Gin log method:GET , path:/api/game/gamelist?page=1&perPage=10 , status:200 , tc:1ms
[2024-04-15 22:35:02] [info] Gin log method:OPTIONS , path:/api/game/gamelist?stadium=1&page=1&perPage=10 , status:204 , tc:0ms
[2024-04-15 22:35:02] [info] Gin log method:GET , path:/api/game/gamelist?stadium=1&page=1&perPage=10 , status:200 , tc:9ms
[2024-04-15 22:35:03] [info] Gin log method:GET , path:/api/game/gamelist?page=1&perPage=10 , status:200 , tc:1ms
[2024-04-15 22:35:07] [info] Gin log method:OPTIONS , path:/api/game/gamelist?date=2024-04-16&page=1&perPage=10 , status:204 , tc:0ms
[2024-04-15 22:35:07] [info] Gin log method:GET , path:/api/game/gamelist?date=2024-04-16&page=1&perPage=10 , status:200 , tc:2ms
[2024-04-15 22:35:11] [info] Gin log method:OPTIONS , path:/api/game/gamelist?date=2024-04-15&page=1&perPage=10 , status:204 , tc:0ms
[2024-04-15 22:35:11] [info] Gin log method:GET , path:/api/game/gamelist?date=2024-04-15&page=1&perPage=10 , status:200 , tc:1ms
[2024-04-15 22:36:09] [info] Gin log method:OPTIONS , path:/api/game/gamelist?date=2024-04-16&page=1&perPage=10 , status:204 , tc:0ms
[2024-04-15 22:36:09] [info] Gin log method:GET , path:/api/game/gamelist?date=2024-04-16&page=1&perPage=10 , status:200 , tc:1ms
[2024-04-15 22:36:20] [info] Gin log method:OPTIONS , path:/api/game/gamelist?date=2024-04-16&username=yjh&page=1&perPage=10 , status:204 , tc:0ms
[2024-04-15 22:36:20] [info] Gin log method:GET , path:/api/game/gamelist?date=2024-04-16&username=yjh&page=1&perPage=10 , status:200 , tc:1ms
[2024-04-15 22:36:23] [info] Gin log method:OPTIONS , path:/api/game/gamelist?date=&username=yjh&page=1&perPage=10 , status:204 , tc:0ms
[2024-04-15 22:36:23] [info] Gin log method:GET , path:/api/game/gamelist?date=&username=yjh&page=1&perPage=10 , status:200 , tc:7ms
[2024-04-15 22:36:25] [info] Gin log method:OPTIONS , path:/api/game/gamelist?page=1&perPage=10 , status:204 , tc:0ms
[2024-04-15 22:36:25] [info] Gin log method:GET , path:/api/game/gamelist?page=1&perPage=10 , status:200 , tc:0ms
[2024-04-15 22:39:32] [info] Gin log method:GET , path:/api/game//gamelist?page=1&perPage=10 , status:401 , tc:0ms
[2024-04-15 22:39:33] [info] Gin log method:GET , path:/api/game/o/gamelist?page=1&perPage=10 , status:401 , tc:0ms
[2024-04-15 22:39:34] [info] Gin log method:GET , path:/api/game/out/gamelist?page=1&perPage=10 , status:401 , tc:0ms
[2024-04-15 22:39:36] [info] Gin log method:GET , path:/api/game/outed/gamelist?page=1&perPage=10 , status:401 , tc:0ms
[2024-04-15 22:39:37] [info] Gin log method:GET , path:/api/game/oute/gamelist?page=1&perPage=10 , status:401 , tc:0ms
[2024-04-15 22:39:38] [info] Gin log method:GET , path:/api/game/out/gamelist?page=1&perPage=10 , status:401 , tc:0ms
[2024-04-15 22:39:39] [info] Gin log method:GET , path:/api/game/outdatre/gamelist?page=1&perPage=10 , status:401 , tc:0ms
[2024-04-15 22:39:40] [info] Gin log method:GET , path:/api/game/outdatred/gamelist?page=1&perPage=10 , status:401 , tc:0ms
[2024-04-15 22:39:41] [info] Gin log method:GET , path:/api/game/outdat/gamelist?page=1&perPage=10 , status:401 , tc:0ms
[2024-04-15 22:39:42] [info] Gin log method:GET , path:/api/game/outdated/gamelist?page=1&perPage=10 , status:401 , tc:0ms
[2024-04-15 22:41:10] [info] Gin log method:OPTIONS , path:/api/game/gamelist?page=1&perPage=10 , status:204 , tc:0ms
[2024-04-15 22:41:10] [info] Gin log method:GET , path:/api/game/gamelist?page=1&perPage=10 , status:200 , tc:1ms
[2024-04-15 22:41:11] [info] Gin log method:GET , path:/api/game/gamelist?page=1&perPage=10 , status:200 , tc:1ms
[2024-04-15 22:42:02] [info] Gin log method:OPTIONS , path:/api/game/outdated/gamelist?page=1&perPage=10 , status:204 , tc:0ms
[2024-04-15 22:42:02] [info] Gin log method:GET , path:/api/game/outdated/gamelist?page=1&perPage=10 , status:200 , tc:2ms
[2024-04-15 22:42:09] [info] Gin log method:OPTIONS , path:/api/game/gamelist?page=1&perPage=10 , status:204 , tc:0ms
[2024-04-15 22:42:09] [info] Gin log method:GET , path:/api/game/gamelist?page=1&perPage=10 , status:200 , tc:1ms
[2024-04-15 22:42:11] [info] Gin log method:OPTIONS , path:/api/game/outdated/gamelist?page=1&perPage=10 , status:204 , tc:0ms
[2024-04-15 22:42:11] [info] Gin log method:GET , path:/api/game/outdated/gamelist?page=1&perPage=10 , status:200 , tc:1ms
[2024-04-15 22:44:50] [info] Gin log method:OPTIONS , path:/api/game/outdated/gamelist?page=1&perPage=10 , status:204 , tc:0ms
[2024-04-15 22:44:50] [info] Gin log method:GET , path:/api/game/outdated/gamelist?page=1&perPage=10 , status:200 , tc:1ms
[2024-04-15 22:45:29] [info] Gin log method:OPTIONS , path:/api/game/outdated/gamelist?page=1&perPage=10 , status:204 , tc:0ms
[2024-04-15 22:45:29] [info] Gin log method:GET , path:/api/game/outdated/gamelist?page=1&perPage=10 , status:200 , tc:2ms
[2024-04-15 23:08:17] [info] Gin log method:OPTIONS , path:/api/game/outdated/gamelist?date=2024-04-16&page=1&perPage=10 , status:204 , tc:0ms
[2024-04-15 23:08:17] [info] Gin log method:GET , path:/api/game/outdated/gamelist?date=2024-04-16&page=1&perPage=10 , status:200 , tc:8ms
[2024-04-15 23:08:19] [info] Gin log method:OPTIONS , path:/api/game/outdated/gamelist?date=2024-04-15&page=1&perPage=10 , status:204 , tc:0ms
[2024-04-15 23:08:19] [info] Gin log method:GET , path:/api/game/outdated/gamelist?date=2024-04-15&page=1&perPage=10 , status:200 , tc:3ms
[2024-04-15 23:12:18] [info] Gin log method:OPTIONS , path:/api/game/gamelist?page=1&perPage=10 , status:204 , tc:0ms
[2024-04-15 23:12:18] [info] Gin log method:GET , path:/api/game/gamelist?page=1&perPage=10 , status:200 , tc:2ms
[2024-04-15 23:12:19] [info] Gin log method:OPTIONS , path:/api/game/outdated/gamelist?page=1&perPage=10 , status:204 , tc:0ms
[2024-04-15 23:12:19] [info] Gin log method:GET , path:/api/game/outdated/gamelist?page=1&perPage=10 , status:200 , tc:2ms
[2024-04-15 23:12:20] [info] Gin log method:GET , path:/api/game/gamelist?page=1&perPage=10 , status:200 , tc:1ms
[2024-04-15 23:12:23] [info] Gin log method:OPTIONS , path:/api/record/recordlist?page=1&perPage=10 , status:204 , tc:0ms
[2024-04-15 23:12:23] [info] Gin log method:GET , path:/api/record/recordlist?page=1&perPage=10 , status:200 , tc:3ms
[2024-04-15 23:12:23] [info] Gin log method:GET , path:/api/game/outdated/gamelist?page=1&perPage=10 , status:200 , tc:1ms
[2024-04-15 23:12:26] [info] Gin log method:GET , path:/api/record/recordlist?page=1&perPage=10 , status:200 , tc:2ms
[2024-04-15 23:12:27] [info] Gin log method:OPTIONS , path:/api/game/gamelist?page=1&perPage=10 , status:204 , tc:0ms
[2024-04-15 23:12:27] [info] Gin log method:GET , path:/api/game/gamelist?page=1&perPage=10 , status:200 , tc:1ms
[2024-04-15 23:12:28] [info] Gin log method:OPTIONS , path:/api/record/recordlist?page=1&perPage=10 , status:204 , tc:0ms
[2024-04-15 23:12:28] [info] Gin log method:GET , path:/api/record/recordlist?page=1&perPage=10 , status:200 , tc:3ms
[2024-04-15 23:12:31] [info] Gin log method:GET , path:/api/game/gamelist?page=1&perPage=10 , status:200 , tc:1ms
[2024-04-15 23:47:38] [info] Gin log method:OPTIONS , path:/api/game/outdated/gamelist?page=1&perPage=10 , status:204 , tc:0ms
[2024-04-15 23:47:38] [info] Gin log method:GET , path:/api/game/outdated/gamelist?page=1&perPage=10 , status:200 , tc:29ms
[2024-04-15 23:47:42] [info] Gin log method:OPTIONS , path:/api/record/recordlist?page=1&perPage=10 , status:204 , tc:0ms
[2024-04-15 23:47:42] [info] Gin log method:GET , path:/api/record/recordlist?page=1&perPage=10 , status:200 , tc:6ms
[2024-04-15 23:47:43] [info] Gin log method:OPTIONS , path:/api/game/gamelist?page=1&perPage=10 , status:204 , tc:0ms
[2024-04-15 23:47:43] [info] Gin log method:GET , path:/api/game/gamelist?page=1&perPage=10 , status:200 , tc:1ms
